The system is: Darwin - 22.6.0 - x86_64
Compiling the C compiler identification source file "CMakeCCompilerId.c" succeeded.
Compiler: /usr/local/bin/gcc-12 
Build flags: 
Id flags:  

The output was:
0


Compilation of the C compiler identification source "CMakeCCompilerId.c" produced "a.out"

The C compiler identification is GNU, found in "/Users/nunonogueira/Projectos/battlebutbot/firmware/build/CMakeFiles/3.24.1/CompilerIdC/a.out"

Compiling the CXX compiler identification source file "CMakeCXXCompilerId.cpp" succeeded.
Compiler: /usr/local/bin/g++-12 
Build flags: 
Id flags:  

The output was:
0


Compilation of the CXX compiler identification source "CMakeCXXCompilerId.cpp" produced "a.out"

The CXX compiler identification is GNU, found in "/Users/nunonogueira/Projectos/battlebutbot/firmware/build/CMakeFiles/3.24.1/CompilerIdCXX/a.out"

Detecting C compiler ABI info compiled with the following output:
Change Dir: /Users/nunonogueira/Projectos/battlebutbot/firmware/build/CMakeFiles/CMakeTmp

Run Build Command(s):/usr/local/bin/ninja cmTC_cbfeb && [1/2] Building C object CMakeFiles/cmTC_cbfeb.dir/CMakeCCompilerABI.c.o
Using built-in specs.
COLLECT_GCC=/usr/local/bin/gcc-12
Target: x86_64-apple-darwin21
Configured with: ../configure --prefix=/usr/local/opt/gcc --libdir=/usr/local/opt/gcc/lib/gcc/current --disable-nls --enable-checking=release --with-gcc-major-version-only --enable-languages=c,c++,objc,obj-c++,fortran --program-suffix=-12 --with-gmp=/usr/local/opt/gmp --with-mpfr=/usr/local/opt/mpfr --with-mpc=/usr/local/opt/libmpc --with-isl=/usr/local/opt/isl --with-zstd=/usr/local/opt/zstd --with-pkgversion='Homebrew GCC 12.2.0' --with-bugurl=https://github.com/Homebrew/homebrew-core/issues --with-system-zlib --build=x86_64-apple-darwin21 --with-sysroot=/Library/Developer/CommandLineTools/SDKs/MacOSX12.sdk
Thread model: posix
Supported LTO compression algorithms: zlib zstd
gcc version 12.2.0 (Homebrew GCC 12.2.0) 
COLLECT_GCC_OPTIONS='-isysroot' '/Library/Developer/CommandLineTools/SDKs/MacOSX13.3.sdk' '-v' '-o' 'CMakeFiles/cmTC_cbfeb.dir/CMakeCCompilerABI.c.o' '-c' '-m64' '-mmacosx-version-min=13.0.0' '-asm_macosx_version_min=13.0' '-nodefaultexport' '-mtune=core2' '-dumpdir' 'CMakeFiles/cmTC_cbfeb.dir/'
 /usr/local/Cellar/gcc/12.2.0/bin/../libexec/gcc/x86_64-apple-darwin21/12/cc1 -quiet -v -iprefix /usr/local/Cellar/gcc/12.2.0/bin/../lib/gcc/current/gcc/x86_64-apple-darwin21/12/ -D__DYNAMIC__ -isysroot /Library/Developer/CommandLineTools/SDKs/MacOSX13.3.sdk /usr/local/Cellar/cmake/3.24.1/share/cmake/Modules/CMakeCCompilerABI.c -fPIC -quiet -dumpdir CMakeFiles/cmTC_cbfeb.dir/ -dumpbase CMakeCCompilerABI.c.c -dumpbase-ext .c -m64 -mmacosx-version-min=13.0.0 -mtune=core2 -version -o /var/folders/kv/w9g3c9wj32b2cg8466xp4y880000gn/T//cc3gljwh.s
GNU C17 (Homebrew GCC 12.2.0) version 12.2.0 (x86_64-apple-darwin21)
	compiled by GNU C version 12.2.0, GMP version 6.2.1, MPFR version 4.1.0, MPC version 1.2.1, isl version isl-0.25-GMP

GGC heuristics: --param ggc-min-expand=100 --param ggc-min-heapsize=131072
ignoring nonexistent directory "/usr/local/Cellar/gcc/12.2.0/bin/../lib/gcc/current/gcc/x86_64-apple-darwin21/12/../../../../../../x86_64-apple-darwin21/include"
ignoring duplicate directory "/usr/local/Cellar/gcc/12.2.0/bin/../lib/gcc/current/gcc/../../../../lib/gcc/current/gcc/x86_64-apple-darwin21/12/include"
ignoring nonexistent directory "/Library/Developer/CommandLineTools/SDKs/MacOSX13.3.sdk/usr/local/include"
ignoring duplicate directory "/usr/local/Cellar/gcc/12.2.0/bin/../lib/gcc/current/gcc/../../../../lib/gcc/current/gcc/x86_64-apple-darwin21/12/include-fixed"
ignoring nonexistent directory "/usr/local/Cellar/gcc/12.2.0/bin/../lib/gcc/current/gcc/../../../../lib/gcc/current/gcc/x86_64-apple-darwin21/12/../../../../../../x86_64-apple-darwin21/include"
ignoring nonexistent directory "/Library/Developer/CommandLineTools/SDKs/MacOSX13.3.sdk/Library/Frameworks"
#include "..." search starts here:
#include <...> search starts here:
 /usr/local/Cellar/gcc/12.2.0/bin/../lib/gcc/current/gcc/x86_64-apple-darwin21/12/include
 /usr/local/Cellar/gcc/12.2.0/bin/../lib/gcc/current/gcc/x86_64-apple-darwin21/12/include-fixed
 /Library/Developer/CommandLineTools/SDKs/MacOSX13.3.sdk/usr/include
 /Library/Developer/CommandLineTools/SDKs/MacOSX13.3.sdk/System/Library/Frameworks
End of search list.
GNU C17 (Homebrew GCC 12.2.0) version 12.2.0 (x86_64-apple-darwin21)
	compiled by GNU C version 12.2.0, GMP version 6.2.1, MPFR version 4.1.0, MPC version 1.2.1, isl version isl-0.25-GMP

GGC heuristics: --param ggc-min-expand=100 --param ggc-min-heapsize=131072
Compiler executable checksum: 0e7e137275c547b7af4b03ca7234edbb
COLLECT_GCC_OPTIONS='-isysroot' '/Library/Developer/CommandLineTools/SDKs/MacOSX13.3.sdk' '-v' '-o' 'CMakeFiles/cmTC_cbfeb.dir/CMakeCCompilerABI.c.o' '-c' '-m64' '-mmacosx-version-min=13.0.0'  '-nodefaultexport' '-mtune=core2' '-dumpdir' 'CMakeFiles/cmTC_cbfeb.dir/'
 as -arch x86_64 -v -mmacosx-version-min=13.0 -mllvm -x86-pad-for-align=false -force_cpusubtype_ALL -o CMakeFiles/cmTC_cbfeb.dir/CMakeCCompilerABI.c.o /var/folders/kv/w9g3c9wj32b2cg8466xp4y880000gn/T//cc3gljwh.s
Apple clang version 14.0.3 (clang-1403.0.22.14.1)
Target: x86_64-apple-darwin22.6.0
Thread model: posix
InstalledDir: /Library/Developer/CommandLineTools/usr/bin
 "/Library/Developer/CommandLineTools/usr/bin/clang" -cc1as -triple x86_64-apple-macosx13.0.0 -filetype obj -main-file-name cc3gljwh.s -target-cpu penryn -fdebug-compilation-dir=/Users/nunonogueira/Projectos/battlebutbot/firmware/build/CMakeFiles/CMakeTmp -dwarf-debug-producer "Apple clang version 14.0.3 (clang-1403.0.22.14.1)" -dwarf-version=4 -mrelocation-model pic --mrelax-relocations -mllvm -x86-pad-for-align=false -mllvm -disable-aligned-alloc-awareness=1 -o CMakeFiles/cmTC_cbfeb.dir/CMakeCCompilerABI.c.o /var/folders/kv/w9g3c9wj32b2cg8466xp4y880000gn/T//cc3gljwh.s
COMPILER_PATH=/usr/local/Cellar/gcc/12.2.0/bin/../libexec/gcc/x86_64-apple-darwin21/12/:/usr/local/Cellar/gcc/12.2.0/bin/../libexec/gcc/
LIBRARY_PATH=/usr/local/Cellar/gcc/12.2.0/bin/../lib/gcc/current/gcc/x86_64-apple-darwin21/12/:/usr/local/Cellar/gcc/12.2.0/bin/../lib/gcc/current/gcc/:/usr/local/Cellar/gcc/12.2.0/bin/../lib/gcc/current/gcc/x86_64-apple-darwin21/12/../../../
COLLECT_GCC_OPTIONS='-isysroot' '/Library/Developer/CommandLineTools/SDKs/MacOSX13.3.sdk' '-v' '-o' 'CMakeFiles/cmTC_cbfeb.dir/CMakeCCompilerABI.c.o' '-c' '-m64' '-mmacosx-version-min=13.0.0'  '-nodefaultexport' '-mtune=core2' '-dumpdir' 'CMakeFiles/cmTC_cbfeb.dir/CMakeCCompilerABI.c.'
[2/2] Linking C executable cmTC_cbfeb
Using built-in specs.
COLLECT_GCC=/usr/local/bin/gcc-12
COLLECT_LTO_WRAPPER=/usr/local/Cellar/gcc/12.2.0/bin/../libexec/gcc/x86_64-apple-darwin21/12/lto-wrapper
Target: x86_64-apple-darwin21
Configured with: ../configure --prefix=/usr/local/opt/gcc --libdir=/usr/local/opt/gcc/lib/gcc/current --disable-nls --enable-checking=release --with-gcc-major-version-only --enable-languages=c,c++,objc,obj-c++,fortran --program-suffix=-12 --with-gmp=/usr/local/opt/gmp --with-mpfr=/usr/local/opt/mpfr --with-mpc=/usr/local/opt/libmpc --with-isl=/usr/local/opt/isl --with-zstd=/usr/local/opt/zstd --with-pkgversion='Homebrew GCC 12.2.0' --with-bugurl=https://github.com/Homebrew/homebrew-core/issues --with-system-zlib --build=x86_64-apple-darwin21 --with-sysroot=/Library/Developer/CommandLineTools/SDKs/MacOSX12.sdk
Thread model: posix
Supported LTO compression algorithms: zlib zstd
gcc version 12.2.0 (Homebrew GCC 12.2.0) 
COMPILER_PATH=/usr/local/Cellar/gcc/12.2.0/bin/../libexec/gcc/x86_64-apple-darwin21/12/:/usr/local/Cellar/gcc/12.2.0/bin/../libexec/gcc/
LIBRARY_PATH=/usr/local/Cellar/gcc/12.2.0/bin/../lib/gcc/current/gcc/x86_64-apple-darwin21/12/:/usr/local/Cellar/gcc/12.2.0/bin/../lib/gcc/current/gcc/:/usr/local/Cellar/gcc/12.2.0/bin/../lib/gcc/current/gcc/x86_64-apple-darwin21/12/../../../
COLLECT_GCC_OPTIONS='-isysroot' '/Library/Developer/CommandLineTools/SDKs/MacOSX13.3.sdk' '-v' '-o' 'cmTC_cbfeb' '-m64' '-mmacosx-version-min=13.0.0' '-asm_macosx_version_min=13.0' '-nodefaultexport' '-mtune=core2' '-dumpdir' 'cmTC_cbfeb.'
 /usr/local/Cellar/gcc/12.2.0/bin/../libexec/gcc/x86_64-apple-darwin21/12/collect2 -dynamic -arch x86_64 -syslibroot /Library/Developer/CommandLineTools/SDKs/MacOSX13.3.sdk -macosx_version_min 13.0.0 -o cmTC_cbfeb -L/usr/local/Cellar/gcc/12.2.0/bin/../lib/gcc/current/gcc/x86_64-apple-darwin21/12 -L/usr/local/Cellar/gcc/12.2.0/bin/../lib/gcc/current/gcc -L/usr/local/Cellar/gcc/12.2.0/bin/../lib/gcc/current/gcc/x86_64-apple-darwin21/12/../../.. -search_paths_first -headerpad_max_install_names -v CMakeFiles/cmTC_cbfeb.dir/CMakeCCompilerABI.c.o -lemutls_w -lgcc -lSystem -no_compact_unwind -rpath @loader_path -rpath /usr/local/Cellar/gcc/12.2.0/lib/gcc/current/gcc/x86_64-apple-darwin21/12 -rpath /usr/local/Cellar/gcc/12.2.0/lib/gcc/current/gcc -rpath /usr/local/Cellar/gcc/12.2.0/lib/gcc/current
collect2 version 12.2.0
/usr/bin/ld -dynamic -arch x86_64 -syslibroot /Library/Developer/CommandLineTools/SDKs/MacOSX13.3.sdk -macosx_version_min 13.0.0 -o cmTC_cbfeb -L/usr/local/Cellar/gcc/12.2.0/bin/../lib/gcc/current/gcc/x86_64-apple-darwin21/12 -L/usr/local/Cellar/gcc/12.2.0/bin/../lib/gcc/current/gcc -L/usr/local/Cellar/gcc/12.2.0/bin/../lib/gcc/current/gcc/x86_64-apple-darwin21/12/../../.. -search_paths_first -headerpad_max_install_names -v CMakeFiles/cmTC_cbfeb.dir/CMakeCCompilerABI.c.o -lemutls_w -lgcc -lSystem -no_compact_unwind -rpath @loader_path -rpath /usr/local/Cellar/gcc/12.2.0/lib/gcc/current/gcc/x86_64-apple-darwin21/12 -rpath /usr/local/Cellar/gcc/12.2.0/lib/gcc/current/gcc -rpath /usr/local/Cellar/gcc/12.2.0/lib/gcc/current
@(#)PROGRAM:ld  PROJECT:ld64-857.1
BUILD 23:13:24 May  7 2023
configured to support archs: armv6 armv7 armv7s arm64 arm64e arm64_32 i386 x86_64 x86_64h armv6m armv7k armv7m armv7em
Library search paths:
	/usr/local/Cellar/gcc/12.2.0/lib/gcc/current/gcc/x86_64-apple-darwin21/12
	/usr/local/Cellar/gcc/12.2.0/lib/gcc/current/gcc
	/usr/local/Cellar/gcc/12.2.0/lib/gcc/current
	/Library/Developer/CommandLineTools/SDKs/MacOSX13.3.sdk/usr/lib
Framework search paths:
	/Library/Developer/CommandLineTools/SDKs/MacOSX13.3.sdk/System/Library/Frameworks/



Parsed C implicit include dir info from above output: rv=done
  found start of include info
  found start of implicit include info
    add: [/usr/local/Cellar/gcc/12.2.0/bin/../lib/gcc/current/gcc/x86_64-apple-darwin21/12/include]
    add: [/usr/local/Cellar/gcc/12.2.0/bin/../lib/gcc/current/gcc/x86_64-apple-darwin21/12/include-fixed]
    add: [/Library/Developer/CommandLineTools/SDKs/MacOSX13.3.sdk/usr/include]
    add: [/Library/Developer/CommandLineTools/SDKs/MacOSX13.3.sdk/System/Library/Frameworks]
  end of search list found
  collapse include dir [/usr/local/Cellar/gcc/12.2.0/bin/../lib/gcc/current/gcc/x86_64-apple-darwin21/12/include] ==> [/usr/local/Cellar/gcc/12.2.0/lib/gcc/current/gcc/x86_64-apple-darwin21/12/include]
  collapse include dir [/usr/local/Cellar/gcc/12.2.0/bin/../lib/gcc/current/gcc/x86_64-apple-darwin21/12/include-fixed] ==> [/usr/local/Cellar/gcc/12.2.0/lib/gcc/current/gcc/x86_64-apple-darwin21/12/include-fixed]
  collapse include dir [/Library/Developer/CommandLineTools/SDKs/MacOSX13.3.sdk/usr/include] ==> [/Library/Developer/CommandLineTools/SDKs/MacOSX13.3.sdk/usr/include]
  collapse include dir [/Library/Developer/CommandLineTools/SDKs/MacOSX13.3.sdk/System/Library/Frameworks] ==> [/Library/Developer/CommandLineTools/SDKs/MacOSX13.3.sdk/System/Library/Frameworks]
  implicit include dirs: [/usr/local/Cellar/gcc/12.2.0/lib/gcc/current/gcc/x86_64-apple-darwin21/12/include;/usr/local/Cellar/gcc/12.2.0/lib/gcc/current/gcc/x86_64-apple-darwin21/12/include-fixed;/Library/Developer/CommandLineTools/SDKs/MacOSX13.3.sdk/usr/include;/Library/Developer/CommandLineTools/SDKs/MacOSX13.3.sdk/System/Library/Frameworks]


Parsed C implicit link information from above output:
  link line regex: [^( *|.*[/\])(ld|CMAKE_LINK_STARTFILE-NOTFOUND|([^/\]+-)?ld|collect2)[^/\]*( |$)]
  ignore line: [Change Dir: /Users/nunonogueira/Projectos/battlebutbot/firmware/build/CMakeFiles/CMakeTmp]
  ignore line: []
  ignore line: [Run Build Command(s):/usr/local/bin/ninja cmTC_cbfeb && [1/2] Building C object CMakeFiles/cmTC_cbfeb.dir/CMakeCCompilerABI.c.o]
  ignore line: [Using built-in specs.]
  ignore line: [COLLECT_GCC=/usr/local/bin/gcc-12]
  ignore line: [Target: x86_64-apple-darwin21]
  ignore line: [Configured with: ../configure --prefix=/usr/local/opt/gcc --libdir=/usr/local/opt/gcc/lib/gcc/current --disable-nls --enable-checking=release --with-gcc-major-version-only --enable-languages=c c++ objc obj-c++ fortran --program-suffix=-12 --with-gmp=/usr/local/opt/gmp --with-mpfr=/usr/local/opt/mpfr --with-mpc=/usr/local/opt/libmpc --with-isl=/usr/local/opt/isl --with-zstd=/usr/local/opt/zstd --with-pkgversion='Homebrew GCC 12.2.0' --with-bugurl=https://github.com/Homebrew/homebrew-core/issues --with-system-zlib --build=x86_64-apple-darwin21 --with-sysroot=/Library/Developer/CommandLineTools/SDKs/MacOSX12.sdk]
  ignore line: [Thread model: posix]
  ignore line: [Supported LTO compression algorithms: zlib zstd]
  ignore line: [gcc version 12.2.0 (Homebrew GCC 12.2.0) ]
  ignore line: [COLLECT_GCC_OPTIONS='-isysroot' '/Library/Developer/CommandLineTools/SDKs/MacOSX13.3.sdk' '-v' '-o' 'CMakeFiles/cmTC_cbfeb.dir/CMakeCCompilerABI.c.o' '-c' '-m64' '-mmacosx-version-min=13.0.0' '-asm_macosx_version_min=13.0' '-nodefaultexport' '-mtune=core2' '-dumpdir' 'CMakeFiles/cmTC_cbfeb.dir/']
  ignore line: [ /usr/local/Cellar/gcc/12.2.0/bin/../libexec/gcc/x86_64-apple-darwin21/12/cc1 -quiet -v -iprefix /usr/local/Cellar/gcc/12.2.0/bin/../lib/gcc/current/gcc/x86_64-apple-darwin21/12/ -D__DYNAMIC__ -isysroot /Library/Developer/CommandLineTools/SDKs/MacOSX13.3.sdk /usr/local/Cellar/cmake/3.24.1/share/cmake/Modules/CMakeCCompilerABI.c -fPIC -quiet -dumpdir CMakeFiles/cmTC_cbfeb.dir/ -dumpbase CMakeCCompilerABI.c.c -dumpbase-ext .c -m64 -mmacosx-version-min=13.0.0 -mtune=core2 -version -o /var/folders/kv/w9g3c9wj32b2cg8466xp4y880000gn/T//cc3gljwh.s]
  ignore line: [GNU C17 (Homebrew GCC 12.2.0) version 12.2.0 (x86_64-apple-darwin21)]
  ignore line: [	compiled by GNU C version 12.2.0  GMP version 6.2.1  MPFR version 4.1.0  MPC version 1.2.1  isl version isl-0.25-GMP]
  ignore line: []
  ignore line: [GGC heuristics: --param ggc-min-expand=100 --param ggc-min-heapsize=131072]
  ignore line: [ignoring nonexistent directory "/usr/local/Cellar/gcc/12.2.0/bin/../lib/gcc/current/gcc/x86_64-apple-darwin21/12/../../../../../../x86_64-apple-darwin21/include"]
  ignore line: [ignoring duplicate directory "/usr/local/Cellar/gcc/12.2.0/bin/../lib/gcc/current/gcc/../../../../lib/gcc/current/gcc/x86_64-apple-darwin21/12/include"]
  ignore line: [ignoring nonexistent directory "/Library/Developer/CommandLineTools/SDKs/MacOSX13.3.sdk/usr/local/include"]
  ignore line: [ignoring duplicate directory "/usr/local/Cellar/gcc/12.2.0/bin/../lib/gcc/current/gcc/../../../../lib/gcc/current/gcc/x86_64-apple-darwin21/12/include-fixed"]
  ignore line: [ignoring nonexistent directory "/usr/local/Cellar/gcc/12.2.0/bin/../lib/gcc/current/gcc/../../../../lib/gcc/current/gcc/x86_64-apple-darwin21/12/../../../../../../x86_64-apple-darwin21/include"]
  ignore line: [ignoring nonexistent directory "/Library/Developer/CommandLineTools/SDKs/MacOSX13.3.sdk/Library/Frameworks"]
  ignore line: [#include "..." search starts here:]
  ignore line: [#include <...> search starts here:]
  ignore line: [ /usr/local/Cellar/gcc/12.2.0/bin/../lib/gcc/current/gcc/x86_64-apple-darwin21/12/include]
  ignore line: [ /usr/local/Cellar/gcc/12.2.0/bin/../lib/gcc/current/gcc/x86_64-apple-darwin21/12/include-fixed]
  ignore line: [ /Library/Developer/CommandLineTools/SDKs/MacOSX13.3.sdk/usr/include]
  ignore line: [ /Library/Developer/CommandLineTools/SDKs/MacOSX13.3.sdk/System/Library/Frameworks]
  ignore line: [End of search list.]
  ignore line: [GNU C17 (Homebrew GCC 12.2.0) version 12.2.0 (x86_64-apple-darwin21)]
  ignore line: [	compiled by GNU C version 12.2.0  GMP version 6.2.1  MPFR version 4.1.0  MPC version 1.2.1  isl version isl-0.25-GMP]
  ignore line: []
  ignore line: [GGC heuristics: --param ggc-min-expand=100 --param ggc-min-heapsize=131072]
  ignore line: [Compiler executable checksum: 0e7e137275c547b7af4b03ca7234edbb]
  ignore line: [COLLECT_GCC_OPTIONS='-isysroot' '/Library/Developer/CommandLineTools/SDKs/MacOSX13.3.sdk' '-v' '-o' 'CMakeFiles/cmTC_cbfeb.dir/CMakeCCompilerABI.c.o' '-c' '-m64' '-mmacosx-version-min=13.0.0'  '-nodefaultexport' '-mtune=core2' '-dumpdir' 'CMakeFiles/cmTC_cbfeb.dir/']
  ignore line: [ as -arch x86_64 -v -mmacosx-version-min=13.0 -mllvm -x86-pad-for-align=false -force_cpusubtype_ALL -o CMakeFiles/cmTC_cbfeb.dir/CMakeCCompilerABI.c.o /var/folders/kv/w9g3c9wj32b2cg8466xp4y880000gn/T//cc3gljwh.s]
  ignore line: [Apple clang version 14.0.3 (clang-1403.0.22.14.1)]
  ignore line: [Target: x86_64-apple-darwin22.6.0]
  ignore line: [Thread model: posix]
  ignore line: [InstalledDir: /Library/Developer/CommandLineTools/usr/bin]
  ignore line: [ "/Library/Developer/CommandLineTools/usr/bin/clang" -cc1as -triple x86_64-apple-macosx13.0.0 -filetype obj -main-file-name cc3gljwh.s -target-cpu penryn -fdebug-compilation-dir=/Users/nunonogueira/Projectos/battlebutbot/firmware/build/CMakeFiles/CMakeTmp -dwarf-debug-producer "Apple clang version 14.0.3 (clang-1403.0.22.14.1)" -dwarf-version=4 -mrelocation-model pic --mrelax-relocations -mllvm -x86-pad-for-align=false -mllvm -disable-aligned-alloc-awareness=1 -o CMakeFiles/cmTC_cbfeb.dir/CMakeCCompilerABI.c.o /var/folders/kv/w9g3c9wj32b2cg8466xp4y880000gn/T//cc3gljwh.s]
  ignore line: [COMPILER_PATH=/usr/local/Cellar/gcc/12.2.0/bin/../libexec/gcc/x86_64-apple-darwin21/12/:/usr/local/Cellar/gcc/12.2.0/bin/../libexec/gcc/]
  ignore line: [LIBRARY_PATH=/usr/local/Cellar/gcc/12.2.0/bin/../lib/gcc/current/gcc/x86_64-apple-darwin21/12/:/usr/local/Cellar/gcc/12.2.0/bin/../lib/gcc/current/gcc/:/usr/local/Cellar/gcc/12.2.0/bin/../lib/gcc/current/gcc/x86_64-apple-darwin21/12/../../../]
  ignore line: [COLLECT_GCC_OPTIONS='-isysroot' '/Library/Developer/CommandLineTools/SDKs/MacOSX13.3.sdk' '-v' '-o' 'CMakeFiles/cmTC_cbfeb.dir/CMakeCCompilerABI.c.o' '-c' '-m64' '-mmacosx-version-min=13.0.0'  '-nodefaultexport' '-mtune=core2' '-dumpdir' 'CMakeFiles/cmTC_cbfeb.dir/CMakeCCompilerABI.c.']
  ignore line: [[2/2] Linking C executable cmTC_cbfeb]
  ignore line: [Using built-in specs.]
  ignore line: [COLLECT_GCC=/usr/local/bin/gcc-12]
  ignore line: [COLLECT_LTO_WRAPPER=/usr/local/Cellar/gcc/12.2.0/bin/../libexec/gcc/x86_64-apple-darwin21/12/lto-wrapper]
  ignore line: [Target: x86_64-apple-darwin21]
  ignore line: [Configured with: ../configure --prefix=/usr/local/opt/gcc --libdir=/usr/local/opt/gcc/lib/gcc/current --disable-nls --enable-checking=release --with-gcc-major-version-only --enable-languages=c c++ objc obj-c++ fortran --program-suffix=-12 --with-gmp=/usr/local/opt/gmp --with-mpfr=/usr/local/opt/mpfr --with-mpc=/usr/local/opt/libmpc --with-isl=/usr/local/opt/isl --with-zstd=/usr/local/opt/zstd --with-pkgversion='Homebrew GCC 12.2.0' --with-bugurl=https://github.com/Homebrew/homebrew-core/issues --with-system-zlib --build=x86_64-apple-darwin21 --with-sysroot=/Library/Developer/CommandLineTools/SDKs/MacOSX12.sdk]
  ignore line: [Thread model: posix]
  ignore line: [Supported LTO compression algorithms: zlib zstd]
  ignore line: [gcc version 12.2.0 (Homebrew GCC 12.2.0) ]
  ignore line: [COMPILER_PATH=/usr/local/Cellar/gcc/12.2.0/bin/../libexec/gcc/x86_64-apple-darwin21/12/:/usr/local/Cellar/gcc/12.2.0/bin/../libexec/gcc/]
  ignore line: [LIBRARY_PATH=/usr/local/Cellar/gcc/12.2.0/bin/../lib/gcc/current/gcc/x86_64-apple-darwin21/12/:/usr/local/Cellar/gcc/12.2.0/bin/../lib/gcc/current/gcc/:/usr/local/Cellar/gcc/12.2.0/bin/../lib/gcc/current/gcc/x86_64-apple-darwin21/12/../../../]
  ignore line: [COLLECT_GCC_OPTIONS='-isysroot' '/Library/Developer/CommandLineTools/SDKs/MacOSX13.3.sdk' '-v' '-o' 'cmTC_cbfeb' '-m64' '-mmacosx-version-min=13.0.0' '-asm_macosx_version_min=13.0' '-nodefaultexport' '-mtune=core2' '-dumpdir' 'cmTC_cbfeb.']
  link line: [ /usr/local/Cellar/gcc/12.2.0/bin/../libexec/gcc/x86_64-apple-darwin21/12/collect2 -dynamic -arch x86_64 -syslibroot /Library/Developer/CommandLineTools/SDKs/MacOSX13.3.sdk -macosx_version_min 13.0.0 -o cmTC_cbfeb -L/usr/local/Cellar/gcc/12.2.0/bin/../lib/gcc/current/gcc/x86_64-apple-darwin21/12 -L/usr/local/Cellar/gcc/12.2.0/bin/../lib/gcc/current/gcc -L/usr/local/Cellar/gcc/12.2.0/bin/../lib/gcc/current/gcc/x86_64-apple-darwin21/12/../../.. -search_paths_first -headerpad_max_install_names -v CMakeFiles/cmTC_cbfeb.dir/CMakeCCompilerABI.c.o -lemutls_w -lgcc -lSystem -no_compact_unwind -rpath @loader_path -rpath /usr/local/Cellar/gcc/12.2.0/lib/gcc/current/gcc/x86_64-apple-darwin21/12 -rpath /usr/local/Cellar/gcc/12.2.0/lib/gcc/current/gcc -rpath /usr/local/Cellar/gcc/12.2.0/lib/gcc/current]
    arg [/usr/local/Cellar/gcc/12.2.0/bin/../libexec/gcc/x86_64-apple-darwin21/12/collect2] ==> ignore
    arg [-dynamic] ==> ignore
    arg [-arch] ==> ignore
    arg [x86_64] ==> ignore
    arg [-syslibroot] ==> ignore
    arg [/Library/Developer/CommandLineTools/SDKs/MacOSX13.3.sdk] ==> ignore
    arg [-macosx_version_min] ==> ignore
    arg [13.0.0] ==> ignore
    arg [-o] ==> ignore
    arg [cmTC_cbfeb] ==> ignore
    arg [-L/usr/local/Cellar/gcc/12.2.0/bin/../lib/gcc/current/gcc/x86_64-apple-darwin21/12] ==> dir [/usr/local/Cellar/gcc/12.2.0/bin/../lib/gcc/current/gcc/x86_64-apple-darwin21/12]
    arg [-L/usr/local/Cellar/gcc/12.2.0/bin/../lib/gcc/current/gcc] ==> dir [/usr/local/Cellar/gcc/12.2.0/bin/../lib/gcc/current/gcc]
    arg [-L/usr/local/Cellar/gcc/12.2.0/bin/../lib/gcc/current/gcc/x86_64-apple-darwin21/12/../../..] ==> dir [/usr/local/Cellar/gcc/12.2.0/bin/../lib/gcc/current/gcc/x86_64-apple-darwin21/12/../../..]
    arg [-search_paths_first] ==> ignore
    arg [-headerpad_max_install_names] ==> ignore
    arg [-v] ==> ignore
    arg [CMakeFiles/cmTC_cbfeb.dir/CMakeCCompilerABI.c.o] ==> ignore
    arg [-lemutls_w] ==> lib [emutls_w]
    arg [-lgcc] ==> lib [gcc]
    arg [-lSystem] ==> lib [System]
    arg [-no_compact_unwind] ==> ignore
    arg [-rpath] ==> ignore
    arg [@loader_path] ==> ignore
    arg [-rpath] ==> ignore
    arg [/usr/local/Cellar/gcc/12.2.0/lib/gcc/current/gcc/x86_64-apple-darwin21/12] ==> ignore
    arg [-rpath] ==> ignore
    arg [/usr/local/Cellar/gcc/12.2.0/lib/gcc/current/gcc] ==> ignore
    arg [-rpath] ==> ignore
    arg [/usr/local/Cellar/gcc/12.2.0/lib/gcc/current] ==> ignore
  Library search paths: [;/usr/local/Cellar/gcc/12.2.0/lib/gcc/current/gcc/x86_64-apple-darwin21/12;/usr/local/Cellar/gcc/12.2.0/lib/gcc/current/gcc;/usr/local/Cellar/gcc/12.2.0/lib/gcc/current;/Library/Developer/CommandLineTools/SDKs/MacOSX13.3.sdk/usr/lib]
  Framework search paths: [;/Library/Developer/CommandLineTools/SDKs/MacOSX13.3.sdk/System/Library/Frameworks/]
  remove lib [System]
  collapse library dir [/usr/local/Cellar/gcc/12.2.0/bin/../lib/gcc/current/gcc/x86_64-apple-darwin21/12] ==> [/usr/local/Cellar/gcc/12.2.0/lib/gcc/current/gcc/x86_64-apple-darwin21/12]
  collapse library dir [/usr/local/Cellar/gcc/12.2.0/bin/../lib/gcc/current/gcc] ==> [/usr/local/Cellar/gcc/12.2.0/lib/gcc/current/gcc]
  collapse library dir [/usr/local/Cellar/gcc/12.2.0/bin/../lib/gcc/current/gcc/x86_64-apple-darwin21/12/../../..] ==> [/usr/local/Cellar/gcc/12.2.0/lib/gcc/current]
  collapse library dir [/usr/local/Cellar/gcc/12.2.0/lib/gcc/current/gcc/x86_64-apple-darwin21/12] ==> [/usr/local/Cellar/gcc/12.2.0/lib/gcc/current/gcc/x86_64-apple-darwin21/12]
  collapse library dir [/usr/local/Cellar/gcc/12.2.0/lib/gcc/current/gcc] ==> [/usr/local/Cellar/gcc/12.2.0/lib/gcc/current/gcc]
  collapse library dir [/usr/local/Cellar/gcc/12.2.0/lib/gcc/current] ==> [/usr/local/Cellar/gcc/12.2.0/lib/gcc/current]
  collapse library dir [/Library/Developer/CommandLineTools/SDKs/MacOSX13.3.sdk/usr/lib] ==> [/Library/Developer/CommandLineTools/SDKs/MacOSX13.3.sdk/usr/lib]
  collapse framework dir [/Library/Developer/CommandLineTools/SDKs/MacOSX13.3.sdk/System/Library/Frameworks/] ==> [/Library/Developer/CommandLineTools/SDKs/MacOSX13.3.sdk/System/Library/Frameworks]
  implicit libs: [emutls_w;gcc]
  implicit objs: []
  implicit dirs: [/usr/local/Cellar/gcc/12.2.0/lib/gcc/current/gcc/x86_64-apple-darwin21/12;/usr/local/Cellar/gcc/12.2.0/lib/gcc/current/gcc;/usr/local/Cellar/gcc/12.2.0/lib/gcc/current;/Library/Developer/CommandLineTools/SDKs/MacOSX13.3.sdk/usr/lib]
  implicit fwks: [/Library/Developer/CommandLineTools/SDKs/MacOSX13.3.sdk/System/Library/Frameworks]


Detecting CXX compiler ABI info compiled with the following output:
Change Dir: /Users/nunonogueira/Projectos/battlebutbot/firmware/build/CMakeFiles/CMakeTmp

Run Build Command(s):/usr/local/bin/ninja cmTC_e25cd && [1/2] Building CXX object CMakeFiles/cmTC_e25cd.dir/CMakeCXXCompilerABI.cpp.o
Using built-in specs.
COLLECT_GCC=/usr/local/bin/g++-12
Target: x86_64-apple-darwin21
Configured with: ../configure --prefix=/usr/local/opt/gcc --libdir=/usr/local/opt/gcc/lib/gcc/current --disable-nls --enable-checking=release --with-gcc-major-version-only --enable-languages=c,c++,objc,obj-c++,fortran --program-suffix=-12 --with-gmp=/usr/local/opt/gmp --with-mpfr=/usr/local/opt/mpfr --with-mpc=/usr/local/opt/libmpc --with-isl=/usr/local/opt/isl --with-zstd=/usr/local/opt/zstd --with-pkgversion='Homebrew GCC 12.2.0' --with-bugurl=https://github.com/Homebrew/homebrew-core/issues --with-system-zlib --build=x86_64-apple-darwin21 --with-sysroot=/Library/Developer/CommandLineTools/SDKs/MacOSX12.sdk
Thread model: posix
Supported LTO compression algorithms: zlib zstd
gcc version 12.2.0 (Homebrew GCC 12.2.0) 
COLLECT_GCC_OPTIONS='-isysroot' '/Library/Developer/CommandLineTools/SDKs/MacOSX13.3.sdk' '-v' '-o' 'CMakeFiles/cmTC_e25cd.dir/CMakeCXXCompilerABI.cpp.o' '-c' '-m64' '-mmacosx-version-min=13.0.0' '-asm_macosx_version_min=13.0' '-nodefaultexport' '-shared-libgcc' '-mtune=core2' '-dumpdir' 'CMakeFiles/cmTC_e25cd.dir/'
 /usr/local/Cellar/gcc/12.2.0/bin/../libexec/gcc/x86_64-apple-darwin21/12/cc1plus -quiet -v -iprefix /usr/local/Cellar/gcc/12.2.0/bin/../lib/gcc/current/gcc/x86_64-apple-darwin21/12/ -D__DYNAMIC__ -isysroot /Library/Developer/CommandLineTools/SDKs/MacOSX13.3.sdk /usr/local/Cellar/cmake/3.24.1/share/cmake/Modules/CMakeCXXCompilerABI.cpp -fPIC -quiet -dumpdir CMakeFiles/cmTC_e25cd.dir/ -dumpbase CMakeCXXCompilerABI.cpp.cpp -dumpbase-ext .cpp -m64 -mmacosx-version-min=13.0.0 -mtune=core2 -version -o /var/folders/kv/w9g3c9wj32b2cg8466xp4y880000gn/T//ccHnHK82.s
GNU C++17 (Homebrew GCC 12.2.0) version 12.2.0 (x86_64-apple-darwin21)
	compiled by GNU C version 12.2.0, GMP version 6.2.1, MPFR version 4.1.0, MPC version 1.2.1, isl version isl-0.25-GMP

GGC heuristics: --param ggc-min-expand=100 --param ggc-min-heapsize=131072
ignoring nonexistent directory "/usr/local/Cellar/gcc/12.2.0/bin/../lib/gcc/current/gcc/x86_64-apple-darwin21/12/../../../../../../x86_64-apple-darwin21/include"
ignoring duplicate directory "/usr/local/Cellar/gcc/12.2.0/bin/../lib/gcc/current/gcc/../../../../lib/gcc/current/gcc/x86_64-apple-darwin21/12/../../../../../../include/c++/12"
ignoring duplicate directory "/usr/local/Cellar/gcc/12.2.0/bin/../lib/gcc/current/gcc/../../../../lib/gcc/current/gcc/x86_64-apple-darwin21/12/../../../../../../include/c++/12/x86_64-apple-darwin21"
ignoring duplicate directory "/usr/local/Cellar/gcc/12.2.0/bin/../lib/gcc/current/gcc/../../../../lib/gcc/current/gcc/x86_64-apple-darwin21/12/../../../../../../include/c++/12/backward"
ignoring duplicate directory "/usr/local/Cellar/gcc/12.2.0/bin/../lib/gcc/current/gcc/../../../../lib/gcc/current/gcc/x86_64-apple-darwin21/12/include"
ignoring nonexistent directory "/Library/Developer/CommandLineTools/SDKs/MacOSX13.3.sdk/usr/local/include"
ignoring duplicate directory "/usr/local/Cellar/gcc/12.2.0/bin/../lib/gcc/current/gcc/../../../../lib/gcc/current/gcc/x86_64-apple-darwin21/12/include-fixed"
ignoring nonexistent directory "/usr/local/Cellar/gcc/12.2.0/bin/../lib/gcc/current/gcc/../../../../lib/gcc/current/gcc/x86_64-apple-darwin21/12/../../../../../../x86_64-apple-darwin21/include"
ignoring nonexistent directory "/Library/Developer/CommandLineTools/SDKs/MacOSX13.3.sdk/Library/Frameworks"
#include "..." search starts here:
#include <...> search starts here:
 /usr/local/Cellar/gcc/12.2.0/bin/../lib/gcc/current/gcc/x86_64-apple-darwin21/12/../../../../../../include/c++/12
 /usr/local/Cellar/gcc/12.2.0/bin/../lib/gcc/current/gcc/x86_64-apple-darwin21/12/../../../../../../include/c++/12/x86_64-apple-darwin21
 /usr/local/Cellar/gcc/12.2.0/bin/../lib/gcc/current/gcc/x86_64-apple-darwin21/12/../../../../../../include/c++/12/backward
 /usr/local/Cellar/gcc/12.2.0/bin/../lib/gcc/current/gcc/x86_64-apple-darwin21/12/include
 /usr/local/Cellar/gcc/12.2.0/bin/../lib/gcc/current/gcc/x86_64-apple-darwin21/12/include-fixed
 /Library/Developer/CommandLineTools/SDKs/MacOSX13.3.sdk/usr/include
 /Library/Developer/CommandLineTools/SDKs/MacOSX13.3.sdk/System/Library/Frameworks
End of search list.
GNU C++17 (Homebrew GCC 12.2.0) version 12.2.0 (x86_64-apple-darwin21)
	compiled by GNU C version 12.2.0, GMP version 6.2.1, MPFR version 4.1.0, MPC version 1.2.1, isl version isl-0.25-GMP

GGC heuristics: --param ggc-min-expand=100 --param ggc-min-heapsize=131072
Compiler executable checksum: acffc661476274c381db481c9f0ae92d
COLLECT_GCC_OPTIONS='-isysroot' '/Library/Developer/CommandLineTools/SDKs/MacOSX13.3.sdk' '-v' '-o' 'CMakeFiles/cmTC_e25cd.dir/CMakeCXXCompilerABI.cpp.o' '-c' '-m64' '-mmacosx-version-min=13.0.0'  '-nodefaultexport' '-shared-libgcc' '-mtune=core2' '-dumpdir' 'CMakeFiles/cmTC_e25cd.dir/'
 as -arch x86_64 -v -mmacosx-version-min=13.0 -mllvm -x86-pad-for-align=false -force_cpusubtype_ALL -o CMakeFiles/cmTC_e25cd.dir/CMakeCXXCompilerABI.cpp.o /var/folders/kv/w9g3c9wj32b2cg8466xp4y880000gn/T//ccHnHK82.s
Apple clang version 14.0.3 (clang-1403.0.22.14.1)
Target: x86_64-apple-darwin22.6.0
Thread model: posix
InstalledDir: /Library/Developer/CommandLineTools/usr/bin
 "/Library/Developer/CommandLineTools/usr/bin/clang" -cc1as -triple x86_64-apple-macosx13.0.0 -filetype obj -main-file-name ccHnHK82.s -target-cpu penryn -fdebug-compilation-dir=/Users/nunonogueira/Projectos/battlebutbot/firmware/build/CMakeFiles/CMakeTmp -dwarf-debug-producer "Apple clang version 14.0.3 (clang-1403.0.22.14.1)" -dwarf-version=4 -mrelocation-model pic --mrelax-relocations -mllvm -x86-pad-for-align=false -mllvm -disable-aligned-alloc-awareness=1 -o CMakeFiles/cmTC_e25cd.dir/CMakeCXXCompilerABI.cpp.o /var/folders/kv/w9g3c9wj32b2cg8466xp4y880000gn/T//ccHnHK82.s
COMPILER_PATH=/usr/local/Cellar/gcc/12.2.0/bin/../libexec/gcc/x86_64-apple-darwin21/12/:/usr/local/Cellar/gcc/12.2.0/bin/../libexec/gcc/
LIBRARY_PATH=/usr/local/Cellar/gcc/12.2.0/bin/../lib/gcc/current/gcc/x86_64-apple-darwin21/12/:/usr/local/Cellar/gcc/12.2.0/bin/../lib/gcc/current/gcc/:/usr/local/Cellar/gcc/12.2.0/bin/../lib/gcc/current/gcc/x86_64-apple-darwin21/12/../../../
COLLECT_GCC_OPTIONS='-isysroot' '/Library/Developer/CommandLineTools/SDKs/MacOSX13.3.sdk' '-v' '-o' 'CMakeFiles/cmTC_e25cd.dir/CMakeCXXCompilerABI.cpp.o' '-c' '-m64' '-mmacosx-version-min=13.0.0'  '-nodefaultexport' '-shared-libgcc' '-mtune=core2' '-dumpdir' 'CMakeFiles/cmTC_e25cd.dir/CMakeCXXCompilerABI.cpp.'
[2/2] Linking CXX executable cmTC_e25cd
Using built-in specs.
COLLECT_GCC=/usr/local/bin/g++-12
COLLECT_LTO_WRAPPER=/usr/local/Cellar/gcc/12.2.0/bin/../libexec/gcc/x86_64-apple-darwin21/12/lto-wrapper
Target: x86_64-apple-darwin21
Configured with: ../configure --prefix=/usr/local/opt/gcc --libdir=/usr/local/opt/gcc/lib/gcc/current --disable-nls --enable-checking=release --with-gcc-major-version-only --enable-languages=c,c++,objc,obj-c++,fortran --program-suffix=-12 --with-gmp=/usr/local/opt/gmp --with-mpfr=/usr/local/opt/mpfr --with-mpc=/usr/local/opt/libmpc --with-isl=/usr/local/opt/isl --with-zstd=/usr/local/opt/zstd --with-pkgversion='Homebrew GCC 12.2.0' --with-bugurl=https://github.com/Homebrew/homebrew-core/issues --with-system-zlib --build=x86_64-apple-darwin21 --with-sysroot=/Library/Developer/CommandLineTools/SDKs/MacOSX12.sdk
Thread model: posix
Supported LTO compression algorithms: zlib zstd
gcc version 12.2.0 (Homebrew GCC 12.2.0) 
COMPILER_PATH=/usr/local/Cellar/gcc/12.2.0/bin/../libexec/gcc/x86_64-apple-darwin21/12/:/usr/local/Cellar/gcc/12.2.0/bin/../libexec/gcc/
LIBRARY_PATH=/usr/local/Cellar/gcc/12.2.0/bin/../lib/gcc/current/gcc/x86_64-apple-darwin21/12/:/usr/local/Cellar/gcc/12.2.0/bin/../lib/gcc/current/gcc/:/usr/local/Cellar/gcc/12.2.0/bin/../lib/gcc/current/gcc/x86_64-apple-darwin21/12/../../../
COLLECT_GCC_OPTIONS='-isysroot' '/Library/Developer/CommandLineTools/SDKs/MacOSX13.3.sdk' '-v' '-o' 'cmTC_e25cd' '-m64' '-mmacosx-version-min=13.0.0' '-asm_macosx_version_min=13.0' '-nodefaultexport' '-shared-libgcc' '-mtune=core2' '-dumpdir' 'cmTC_e25cd.'
 /usr/local/Cellar/gcc/12.2.0/bin/../libexec/gcc/x86_64-apple-darwin21/12/collect2 -dynamic -arch x86_64 -syslibroot /Library/Developer/CommandLineTools/SDKs/MacOSX13.3.sdk -macosx_version_min 13.0.0 -o cmTC_e25cd -L/usr/local/Cellar/gcc/12.2.0/bin/../lib/gcc/current/gcc/x86_64-apple-darwin21/12 -L/usr/local/Cellar/gcc/12.2.0/bin/../lib/gcc/current/gcc -L/usr/local/Cellar/gcc/12.2.0/bin/../lib/gcc/current/gcc/x86_64-apple-darwin21/12/../../.. -search_paths_first -headerpad_max_install_names -v CMakeFiles/cmTC_e25cd.dir/CMakeCXXCompilerABI.cpp.o -lstdc++ -lgcc_s.1.1 -lgcc -lSystem -no_compact_unwind -rpath @loader_path -rpath /usr/local/Cellar/gcc/12.2.0/lib/gcc/current/gcc/x86_64-apple-darwin21/12 -rpath /usr/local/Cellar/gcc/12.2.0/lib/gcc/current/gcc -rpath /usr/local/Cellar/gcc/12.2.0/lib/gcc/current
collect2 version 12.2.0
/usr/bin/ld -dynamic -arch x86_64 -syslibroot /Library/Developer/CommandLineTools/SDKs/MacOSX13.3.sdk -macosx_version_min 13.0.0 -o cmTC_e25cd -L/usr/local/Cellar/gcc/12.2.0/bin/../lib/gcc/current/gcc/x86_64-apple-darwin21/12 -L/usr/local/Cellar/gcc/12.2.0/bin/../lib/gcc/current/gcc -L/usr/local/Cellar/gcc/12.2.0/bin/../lib/gcc/current/gcc/x86_64-apple-darwin21/12/../../.. -search_paths_first -headerpad_max_install_names -v CMakeFiles/cmTC_e25cd.dir/CMakeCXXCompilerABI.cpp.o -lstdc++ -lgcc_s.1.1 -lgcc -lSystem -no_compact_unwind -rpath @loader_path -rpath /usr/local/Cellar/gcc/12.2.0/lib/gcc/current/gcc/x86_64-apple-darwin21/12 -rpath /usr/local/Cellar/gcc/12.2.0/lib/gcc/current/gcc -rpath /usr/local/Cellar/gcc/12.2.0/lib/gcc/current
@(#)PROGRAM:ld  PROJECT:ld64-857.1
BUILD 23:13:24 May  7 2023
configured to support archs: armv6 armv7 armv7s arm64 arm64e arm64_32 i386 x86_64 x86_64h armv6m armv7k armv7m armv7em
Library search paths:
	/usr/local/Cellar/gcc/12.2.0/lib/gcc/current/gcc/x86_64-apple-darwin21/12
	/usr/local/Cellar/gcc/12.2.0/lib/gcc/current/gcc
	/usr/local/Cellar/gcc/12.2.0/lib/gcc/current
	/Library/Developer/CommandLineTools/SDKs/MacOSX13.3.sdk/usr/lib
Framework search paths:
	/Library/Developer/CommandLineTools/SDKs/MacOSX13.3.sdk/System/Library/Frameworks/



Parsed CXX implicit include dir info from above output: rv=done
  found start of include info
  found start of implicit include info
    add: [/usr/local/Cellar/gcc/12.2.0/bin/../lib/gcc/current/gcc/x86_64-apple-darwin21/12/../../../../../../include/c++/12]
    add: [/usr/local/Cellar/gcc/12.2.0/bin/../lib/gcc/current/gcc/x86_64-apple-darwin21/12/../../../../../../include/c++/12/x86_64-apple-darwin21]
    add: [/usr/local/Cellar/gcc/12.2.0/bin/../lib/gcc/current/gcc/x86_64-apple-darwin21/12/../../../../../../include/c++/12/backward]
    add: [/usr/local/Cellar/gcc/12.2.0/bin/../lib/gcc/current/gcc/x86_64-apple-darwin21/12/include]
    add: [/usr/local/Cellar/gcc/12.2.0/bin/../lib/gcc/current/gcc/x86_64-apple-darwin21/12/include-fixed]
    add: [/Library/Developer/CommandLineTools/SDKs/MacOSX13.3.sdk/usr/include]
    add: [/Library/Developer/CommandLineTools/SDKs/MacOSX13.3.sdk/System/Library/Frameworks]
  end of search list found
  collapse include dir [/usr/local/Cellar/gcc/12.2.0/bin/../lib/gcc/current/gcc/x86_64-apple-darwin21/12/../../../../../../include/c++/12] ==> [/usr/local/Cellar/gcc/12.2.0/include/c++/12]
  collapse include dir [/usr/local/Cellar/gcc/12.2.0/bin/../lib/gcc/current/gcc/x86_64-apple-darwin21/12/../../../../../../include/c++/12/x86_64-apple-darwin21] ==> [/usr/local/Cellar/gcc/12.2.0/include/c++/12/x86_64-apple-darwin21]
  collapse include dir [/usr/local/Cellar/gcc/12.2.0/bin/../lib/gcc/current/gcc/x86_64-apple-darwin21/12/../../../../../../include/c++/12/backward] ==> [/usr/local/Cellar/gcc/12.2.0/include/c++/12/backward]
  collapse include dir [/usr/local/Cellar/gcc/12.2.0/bin/../lib/gcc/current/gcc/x86_64-apple-darwin21/12/include] ==> [/usr/local/Cellar/gcc/12.2.0/lib/gcc/current/gcc/x86_64-apple-darwin21/12/include]
  collapse include dir [/usr/local/Cellar/gcc/12.2.0/bin/../lib/gcc/current/gcc/x86_64-apple-darwin21/12/include-fixed] ==> [/usr/local/Cellar/gcc/12.2.0/lib/gcc/current/gcc/x86_64-apple-darwin21/12/include-fixed]
  collapse include dir [/Library/Developer/CommandLineTools/SDKs/MacOSX13.3.sdk/usr/include] ==> [/Library/Developer/CommandLineTools/SDKs/MacOSX13.3.sdk/usr/include]
  collapse include dir [/Library/Developer/CommandLineTools/SDKs/MacOSX13.3.sdk/System/Library/Frameworks] ==> [/Library/Developer/CommandLineTools/SDKs/MacOSX13.3.sdk/System/Library/Frameworks]
  implicit include dirs: [/usr/local/Cellar/gcc/12.2.0/include/c++/12;/usr/local/Cellar/gcc/12.2.0/include/c++/12/x86_64-apple-darwin21;/usr/local/Cellar/gcc/12.2.0/include/c++/12/backward;/usr/local/Cellar/gcc/12.2.0/lib/gcc/current/gcc/x86_64-apple-darwin21/12/include;/usr/local/Cellar/gcc/12.2.0/lib/gcc/current/gcc/x86_64-apple-darwin21/12/include-fixed;/Library/Developer/CommandLineTools/SDKs/MacOSX13.3.sdk/usr/include;/Library/Developer/CommandLineTools/SDKs/MacOSX13.3.sdk/System/Library/Frameworks]


Parsed CXX implicit link information from above output:
  link line regex: [^( *|.*[/\])(ld|CMAKE_LINK_STARTFILE-NOTFOUND|([^/\]+-)?ld|collect2)[^/\]*( |$)]
  ignore line: [Change Dir: /Users/nunonogueira/Projectos/battlebutbot/firmware/build/CMakeFiles/CMakeTmp]
  ignore line: []
  ignore line: [Run Build Command(s):/usr/local/bin/ninja cmTC_e25cd && [1/2] Building CXX object CMakeFiles/cmTC_e25cd.dir/CMakeCXXCompilerABI.cpp.o]
  ignore line: [Using built-in specs.]
  ignore line: [COLLECT_GCC=/usr/local/bin/g++-12]
  ignore line: [Target: x86_64-apple-darwin21]
  ignore line: [Configured with: ../configure --prefix=/usr/local/opt/gcc --libdir=/usr/local/opt/gcc/lib/gcc/current --disable-nls --enable-checking=release --with-gcc-major-version-only --enable-languages=c c++ objc obj-c++ fortran --program-suffix=-12 --with-gmp=/usr/local/opt/gmp --with-mpfr=/usr/local/opt/mpfr --with-mpc=/usr/local/opt/libmpc --with-isl=/usr/local/opt/isl --with-zstd=/usr/local/opt/zstd --with-pkgversion='Homebrew GCC 12.2.0' --with-bugurl=https://github.com/Homebrew/homebrew-core/issues --with-system-zlib --build=x86_64-apple-darwin21 --with-sysroot=/Library/Developer/CommandLineTools/SDKs/MacOSX12.sdk]
  ignore line: [Thread model: posix]
  ignore line: [Supported LTO compression algorithms: zlib zstd]
  ignore line: [gcc version 12.2.0 (Homebrew GCC 12.2.0) ]
  ignore line: [COLLECT_GCC_OPTIONS='-isysroot' '/Library/Developer/CommandLineTools/SDKs/MacOSX13.3.sdk' '-v' '-o' 'CMakeFiles/cmTC_e25cd.dir/CMakeCXXCompilerABI.cpp.o' '-c' '-m64' '-mmacosx-version-min=13.0.0' '-asm_macosx_version_min=13.0' '-nodefaultexport' '-shared-libgcc' '-mtune=core2' '-dumpdir' 'CMakeFiles/cmTC_e25cd.dir/']
  ignore line: [ /usr/local/Cellar/gcc/12.2.0/bin/../libexec/gcc/x86_64-apple-darwin21/12/cc1plus -quiet -v -iprefix /usr/local/Cellar/gcc/12.2.0/bin/../lib/gcc/current/gcc/x86_64-apple-darwin21/12/ -D__DYNAMIC__ -isysroot /Library/Developer/CommandLineTools/SDKs/MacOSX13.3.sdk /usr/local/Cellar/cmake/3.24.1/share/cmake/Modules/CMakeCXXCompilerABI.cpp -fPIC -quiet -dumpdir CMakeFiles/cmTC_e25cd.dir/ -dumpbase CMakeCXXCompilerABI.cpp.cpp -dumpbase-ext .cpp -m64 -mmacosx-version-min=13.0.0 -mtune=core2 -version -o /var/folders/kv/w9g3c9wj32b2cg8466xp4y880000gn/T//ccHnHK82.s]
  ignore line: [GNU C++17 (Homebrew GCC 12.2.0) version 12.2.0 (x86_64-apple-darwin21)]
  ignore line: [	compiled by GNU C version 12.2.0  GMP version 6.2.1  MPFR version 4.1.0  MPC version 1.2.1  isl version isl-0.25-GMP]
  ignore line: []
  ignore line: [GGC heuristics: --param ggc-min-expand=100 --param ggc-min-heapsize=131072]
  ignore line: [ignoring nonexistent directory "/usr/local/Cellar/gcc/12.2.0/bin/../lib/gcc/current/gcc/x86_64-apple-darwin21/12/../../../../../../x86_64-apple-darwin21/include"]
  ignore line: [ignoring duplicate directory "/usr/local/Cellar/gcc/12.2.0/bin/../lib/gcc/current/gcc/../../../../lib/gcc/current/gcc/x86_64-apple-darwin21/12/../../../../../../include/c++/12"]
  ignore line: [ignoring duplicate directory "/usr/local/Cellar/gcc/12.2.0/bin/../lib/gcc/current/gcc/../../../../lib/gcc/current/gcc/x86_64-apple-darwin21/12/../../../../../../include/c++/12/x86_64-apple-darwin21"]
  ignore line: [ignoring duplicate directory "/usr/local/Cellar/gcc/12.2.0/bin/../lib/gcc/current/gcc/../../../../lib/gcc/current/gcc/x86_64-apple-darwin21/12/../../../../../../include/c++/12/backward"]
  ignore line: [ignoring duplicate directory "/usr/local/Cellar/gcc/12.2.0/bin/../lib/gcc/current/gcc/../../../../lib/gcc/current/gcc/x86_64-apple-darwin21/12/include"]
  ignore line: [ignoring nonexistent directory "/Library/Developer/CommandLineTools/SDKs/MacOSX13.3.sdk/usr/local/include"]
  ignore line: [ignoring duplicate directory "/usr/local/Cellar/gcc/12.2.0/bin/../lib/gcc/current/gcc/../../../../lib/gcc/current/gcc/x86_64-apple-darwin21/12/include-fixed"]
  ignore line: [ignoring nonexistent directory "/usr/local/Cellar/gcc/12.2.0/bin/../lib/gcc/current/gcc/../../../../lib/gcc/current/gcc/x86_64-apple-darwin21/12/../../../../../../x86_64-apple-darwin21/include"]
  ignore line: [ignoring nonexistent directory "/Library/Developer/CommandLineTools/SDKs/MacOSX13.3.sdk/Library/Frameworks"]
  ignore line: [#include "..." search starts here:]
  ignore line: [#include <...> search starts here:]
  ignore line: [ /usr/local/Cellar/gcc/12.2.0/bin/../lib/gcc/current/gcc/x86_64-apple-darwin21/12/../../../../../../include/c++/12]
  ignore line: [ /usr/local/Cellar/gcc/12.2.0/bin/../lib/gcc/current/gcc/x86_64-apple-darwin21/12/../../../../../../include/c++/12/x86_64-apple-darwin21]
  ignore line: [ /usr/local/Cellar/gcc/12.2.0/bin/../lib/gcc/current/gcc/x86_64-apple-darwin21/12/../../../../../../include/c++/12/backward]
  ignore line: [ /usr/local/Cellar/gcc/12.2.0/bin/../lib/gcc/current/gcc/x86_64-apple-darwin21/12/include]
  ignore line: [ /usr/local/Cellar/gcc/12.2.0/bin/../lib/gcc/current/gcc/x86_64-apple-darwin21/12/include-fixed]
  ignore line: [ /Library/Developer/CommandLineTools/SDKs/MacOSX13.3.sdk/usr/include]
  ignore line: [ /Library/Developer/CommandLineTools/SDKs/MacOSX13.3.sdk/System/Library/Frameworks]
  ignore line: [End of search list.]
  ignore line: [GNU C++17 (Homebrew GCC 12.2.0) version 12.2.0 (x86_64-apple-darwin21)]
  ignore line: [	compiled by GNU C version 12.2.0  GMP version 6.2.1  MPFR version 4.1.0  MPC version 1.2.1  isl version isl-0.25-GMP]
  ignore line: []
  ignore line: [GGC heuristics: --param ggc-min-expand=100 --param ggc-min-heapsize=131072]
  ignore line: [Compiler executable checksum: acffc661476274c381db481c9f0ae92d]
  ignore line: [COLLECT_GCC_OPTIONS='-isysroot' '/Library/Developer/CommandLineTools/SDKs/MacOSX13.3.sdk' '-v' '-o' 'CMakeFiles/cmTC_e25cd.dir/CMakeCXXCompilerABI.cpp.o' '-c' '-m64' '-mmacosx-version-min=13.0.0'  '-nodefaultexport' '-shared-libgcc' '-mtune=core2' '-dumpdir' 'CMakeFiles/cmTC_e25cd.dir/']
  ignore line: [ as -arch x86_64 -v -mmacosx-version-min=13.0 -mllvm -x86-pad-for-align=false -force_cpusubtype_ALL -o CMakeFiles/cmTC_e25cd.dir/CMakeCXXCompilerABI.cpp.o /var/folders/kv/w9g3c9wj32b2cg8466xp4y880000gn/T//ccHnHK82.s]
  ignore line: [Apple clang version 14.0.3 (clang-1403.0.22.14.1)]
  ignore line: [Target: x86_64-apple-darwin22.6.0]
  ignore line: [Thread model: posix]
  ignore line: [InstalledDir: /Library/Developer/CommandLineTools/usr/bin]
  ignore line: [ "/Library/Developer/CommandLineTools/usr/bin/clang" -cc1as -triple x86_64-apple-macosx13.0.0 -filetype obj -main-file-name ccHnHK82.s -target-cpu penryn -fdebug-compilation-dir=/Users/nunonogueira/Projectos/battlebutbot/firmware/build/CMakeFiles/CMakeTmp -dwarf-debug-producer "Apple clang version 14.0.3 (clang-1403.0.22.14.1)" -dwarf-version=4 -mrelocation-model pic --mrelax-relocations -mllvm -x86-pad-for-align=false -mllvm -disable-aligned-alloc-awareness=1 -o CMakeFiles/cmTC_e25cd.dir/CMakeCXXCompilerABI.cpp.o /var/folders/kv/w9g3c9wj32b2cg8466xp4y880000gn/T//ccHnHK82.s]
  ignore line: [COMPILER_PATH=/usr/local/Cellar/gcc/12.2.0/bin/../libexec/gcc/x86_64-apple-darwin21/12/:/usr/local/Cellar/gcc/12.2.0/bin/../libexec/gcc/]
  ignore line: [LIBRARY_PATH=/usr/local/Cellar/gcc/12.2.0/bin/../lib/gcc/current/gcc/x86_64-apple-darwin21/12/:/usr/local/Cellar/gcc/12.2.0/bin/../lib/gcc/current/gcc/:/usr/local/Cellar/gcc/12.2.0/bin/../lib/gcc/current/gcc/x86_64-apple-darwin21/12/../../../]
  ignore line: [COLLECT_GCC_OPTIONS='-isysroot' '/Library/Developer/CommandLineTools/SDKs/MacOSX13.3.sdk' '-v' '-o' 'CMakeFiles/cmTC_e25cd.dir/CMakeCXXCompilerABI.cpp.o' '-c' '-m64' '-mmacosx-version-min=13.0.0'  '-nodefaultexport' '-shared-libgcc' '-mtune=core2' '-dumpdir' 'CMakeFiles/cmTC_e25cd.dir/CMakeCXXCompilerABI.cpp.']
  ignore line: [[2/2] Linking CXX executable cmTC_e25cd]
  ignore line: [Using built-in specs.]
  ignore line: [COLLECT_GCC=/usr/local/bin/g++-12]
  ignore line: [COLLECT_LTO_WRAPPER=/usr/local/Cellar/gcc/12.2.0/bin/../libexec/gcc/x86_64-apple-darwin21/12/lto-wrapper]
  ignore line: [Target: x86_64-apple-darwin21]
  ignore line: [Configured with: ../configure --prefix=/usr/local/opt/gcc --libdir=/usr/local/opt/gcc/lib/gcc/current --disable-nls --enable-checking=release --with-gcc-major-version-only --enable-languages=c c++ objc obj-c++ fortran --program-suffix=-12 --with-gmp=/usr/local/opt/gmp --with-mpfr=/usr/local/opt/mpfr --with-mpc=/usr/local/opt/libmpc --with-isl=/usr/local/opt/isl --with-zstd=/usr/local/opt/zstd --with-pkgversion='Homebrew GCC 12.2.0' --with-bugurl=https://github.com/Homebrew/homebrew-core/issues --with-system-zlib --build=x86_64-apple-darwin21 --with-sysroot=/Library/Developer/CommandLineTools/SDKs/MacOSX12.sdk]
  ignore line: [Thread model: posix]
  ignore line: [Supported LTO compression algorithms: zlib zstd]
  ignore line: [gcc version 12.2.0 (Homebrew GCC 12.2.0) ]
  ignore line: [COMPILER_PATH=/usr/local/Cellar/gcc/12.2.0/bin/../libexec/gcc/x86_64-apple-darwin21/12/:/usr/local/Cellar/gcc/12.2.0/bin/../libexec/gcc/]
  ignore line: [LIBRARY_PATH=/usr/local/Cellar/gcc/12.2.0/bin/../lib/gcc/current/gcc/x86_64-apple-darwin21/12/:/usr/local/Cellar/gcc/12.2.0/bin/../lib/gcc/current/gcc/:/usr/local/Cellar/gcc/12.2.0/bin/../lib/gcc/current/gcc/x86_64-apple-darwin21/12/../../../]
  ignore line: [COLLECT_GCC_OPTIONS='-isysroot' '/Library/Developer/CommandLineTools/SDKs/MacOSX13.3.sdk' '-v' '-o' 'cmTC_e25cd' '-m64' '-mmacosx-version-min=13.0.0' '-asm_macosx_version_min=13.0' '-nodefaultexport' '-shared-libgcc' '-mtune=core2' '-dumpdir' 'cmTC_e25cd.']
  link line: [ /usr/local/Cellar/gcc/12.2.0/bin/../libexec/gcc/x86_64-apple-darwin21/12/collect2 -dynamic -arch x86_64 -syslibroot /Library/Developer/CommandLineTools/SDKs/MacOSX13.3.sdk -macosx_version_min 13.0.0 -o cmTC_e25cd -L/usr/local/Cellar/gcc/12.2.0/bin/../lib/gcc/current/gcc/x86_64-apple-darwin21/12 -L/usr/local/Cellar/gcc/12.2.0/bin/../lib/gcc/current/gcc -L/usr/local/Cellar/gcc/12.2.0/bin/../lib/gcc/current/gcc/x86_64-apple-darwin21/12/../../.. -search_paths_first -headerpad_max_install_names -v CMakeFiles/cmTC_e25cd.dir/CMakeCXXCompilerABI.cpp.o -lstdc++ -lgcc_s.1.1 -lgcc -lSystem -no_compact_unwind -rpath @loader_path -rpath /usr/local/Cellar/gcc/12.2.0/lib/gcc/current/gcc/x86_64-apple-darwin21/12 -rpath /usr/local/Cellar/gcc/12.2.0/lib/gcc/current/gcc -rpath /usr/local/Cellar/gcc/12.2.0/lib/gcc/current]
    arg [/usr/local/Cellar/gcc/12.2.0/bin/../libexec/gcc/x86_64-apple-darwin21/12/collect2] ==> ignore
    arg [-dynamic] ==> ignore
    arg [-arch] ==> ignore
    arg [x86_64] ==> ignore
    arg [-syslibroot] ==> ignore
    arg [/Library/Developer/CommandLineTools/SDKs/MacOSX13.3.sdk] ==> ignore
    arg [-macosx_version_min] ==> ignore
    arg [13.0.0] ==> ignore
    arg [-o] ==> ignore
    arg [cmTC_e25cd] ==> ignore
    arg [-L/usr/local/Cellar/gcc/12.2.0/bin/../lib/gcc/current/gcc/x86_64-apple-darwin21/12] ==> dir [/usr/local/Cellar/gcc/12.2.0/bin/../lib/gcc/current/gcc/x86_64-apple-darwin21/12]
    arg [-L/usr/local/Cellar/gcc/12.2.0/bin/../lib/gcc/current/gcc] ==> dir [/usr/local/Cellar/gcc/12.2.0/bin/../lib/gcc/current/gcc]
    arg [-L/usr/local/Cellar/gcc/12.2.0/bin/../lib/gcc/current/gcc/x86_64-apple-darwin21/12/../../..] ==> dir [/usr/local/Cellar/gcc/12.2.0/bin/../lib/gcc/current/gcc/x86_64-apple-darwin21/12/../../..]
    arg [-search_paths_first] ==> ignore
    arg [-headerpad_max_install_names] ==> ignore
    arg [-v] ==> ignore
    arg [CMakeFiles/cmTC_e25cd.dir/CMakeCXXCompilerABI.cpp.o] ==> ignore
    arg [-lstdc++] ==> lib [stdc++]
    arg [-lgcc_s.1.1] ==> lib [gcc_s.1.1]
    arg [-lgcc] ==> lib [gcc]
    arg [-lSystem] ==> lib [System]
    arg [-no_compact_unwind] ==> ignore
    arg [-rpath] ==> ignore
    arg [@loader_path] ==> ignore
    arg [-rpath] ==> ignore
    arg [/usr/local/Cellar/gcc/12.2.0/lib/gcc/current/gcc/x86_64-apple-darwin21/12] ==> ignore
    arg [-rpath] ==> ignore
    arg [/usr/local/Cellar/gcc/12.2.0/lib/gcc/current/gcc] ==> ignore
    arg [-rpath] ==> ignore
    arg [/usr/local/Cellar/gcc/12.2.0/lib/gcc/current] ==> ignore
  Library search paths: [;/usr/local/Cellar/gcc/12.2.0/lib/gcc/current/gcc/x86_64-apple-darwin21/12;/usr/local/Cellar/gcc/12.2.0/lib/gcc/current/gcc;/usr/local/Cellar/gcc/12.2.0/lib/gcc/current;/Library/Developer/CommandLineTools/SDKs/MacOSX13.3.sdk/usr/lib]
  Framework search paths: [;/Library/Developer/CommandLineTools/SDKs/MacOSX13.3.sdk/System/Library/Frameworks/]
  remove lib [System]
  collapse library dir [/usr/local/Cellar/gcc/12.2.0/bin/../lib/gcc/current/gcc/x86_64-apple-darwin21/12] ==> [/usr/local/Cellar/gcc/12.2.0/lib/gcc/current/gcc/x86_64-apple-darwin21/12]
  collapse library dir [/usr/local/Cellar/gcc/12.2.0/bin/../lib/gcc/current/gcc] ==> [/usr/local/Cellar/gcc/12.2.0/lib/gcc/current/gcc]
  collapse library dir [/usr/local/Cellar/gcc/12.2.0/bin/../lib/gcc/current/gcc/x86_64-apple-darwin21/12/../../..] ==> [/usr/local/Cellar/gcc/12.2.0/lib/gcc/current]
  collapse library dir [/usr/local/Cellar/gcc/12.2.0/lib/gcc/current/gcc/x86_64-apple-darwin21/12] ==> [/usr/local/Cellar/gcc/12.2.0/lib/gcc/current/gcc/x86_64-apple-darwin21/12]
  collapse library dir [/usr/local/Cellar/gcc/12.2.0/lib/gcc/current/gcc] ==> [/usr/local/Cellar/gcc/12.2.0/lib/gcc/current/gcc]
  collapse library dir [/usr/local/Cellar/gcc/12.2.0/lib/gcc/current] ==> [/usr/local/Cellar/gcc/12.2.0/lib/gcc/current]
  collapse library dir [/Library/Developer/CommandLineTools/SDKs/MacOSX13.3.sdk/usr/lib] ==> [/Library/Developer/CommandLineTools/SDKs/MacOSX13.3.sdk/usr/lib]
  collapse framework dir [/Library/Developer/CommandLineTools/SDKs/MacOSX13.3.sdk/System/Library/Frameworks/] ==> [/Library/Developer/CommandLineTools/SDKs/MacOSX13.3.sdk/System/Library/Frameworks]
  implicit libs: [stdc++;gcc_s.1.1;gcc]
  implicit objs: []
  implicit dirs: [/usr/local/Cellar/gcc/12.2.0/lib/gcc/current/gcc/x86_64-apple-darwin21/12;/usr/local/Cellar/gcc/12.2.0/lib/gcc/current/gcc;/usr/local/Cellar/gcc/12.2.0/lib/gcc/current;/Library/Developer/CommandLineTools/SDKs/MacOSX13.3.sdk/usr/lib]
  implicit fwks: [/Library/Developer/CommandLineTools/SDKs/MacOSX13.3.sdk/System/Library/Frameworks]


